2026-04-16 12:59:52,954 [INFO] ed.bot: Ed bot starting...
2026-04-16 12:59:56,417 [INFO] httpx: HTTP Request: POST https://api.telegram.org/bot8319071299:AAGF8XGhcEkpNtn8Neozt3_xO3H_mxjZYNc/getMe "HTTP/1.1 200 OK"
2026-04-16 12:59:56,464 [INFO] httpx: HTTP Request: POST https://api.telegram.org/bot8319071299:AAGF8XGhcEkpNtn8Neozt3_xO3H_mxjZYNc/deleteWebhook "HTTP/1.1 200 OK"
2026-04-16 12:59:56,466 [INFO] telegram.ext.Application: Application started
2026-04-16 13:00:06,643 [INFO] httpx: HTTP Request: POST https://api.telegram.org/bot8319071299:AAGF8XGhcEkpNtn8Neozt3_xO3H_mxjZYNc/getUpdates "HTTP/1.1 200 OK"
2026-04-16 13:00:16,688 [INFO] httpx: HTTP Request: POST https://api.telegram.org/bot8319071299:AAGF8XGhcEkpNtn8Neozt3_xO3H_mxjZYNc/getUpdates "HTTP/1.1 200 OK"
2026-04-16 13:00:26,739 [INFO] httpx: HTTP Request: POST https://api.telegram.org/bot8319071299:AAGF8XGhcEkpNtn8Neozt3_xO3H_mxjZYNc/getUpdates "HTTP/1.1 200 OK"
2026-04-16 13:00:36,792 [INFO] httpx: HTTP Request: POST https://api.telegram.org/bot8319071299:AAGF8XGhcEkpNtn8Neozt3_xO3H_mxjZYNc/getUpdates "HTTP/1.1 200 OK"
2026-04-16 13:00:46,841 [INFO] httpx: HTTP Request: POST https://api.telegram.org/bot8319071299:AAGF8XGhcEkpNtn8Neozt3_xO3H_mxjZYNc/getUpdates "HTTP/1.1 200 OK"
2026-04-16 13:00:56,897 [INFO] httpx: HTTP Request: POST https://api.telegram.org/bot8319071299:AAGF8XGhcEkpNtn8Neozt3_xO3H_mxjZYNc/getUpdates "HTTP/1.1 200 OK"
2026-04-16 13:01:06,941 [INFO] httpx: HTTP Request: POST https://api.telegram.org/bot8319071299:AAGF8XGhcEkpNtn8Neozt3_xO3H_mxjZYNc/getUpdates "HTTP/1.1 200 OK"
2026-04-16 13:01:16,985 [INFO] httpx: HTTP Request: POST https://api.telegram.org/bot8319071299:AAGF8XGhcEkpNtn8Neozt3_xO3H_mxjZYNc/getUpdates "HTTP/1.1 200 OK"
2026-04-16 13:01:27,037 [INFO] httpx: HTTP Request: POST https://api.telegram.org/bot8319071299:AAGF8XGhcEkpNtn8Neozt3_xO3H_mxjZYNc/getUpdates "HTTP/1.1 200 OK"
2026-04-16 13:01:37,112 [INFO] httpx: HTTP Request: POST https://api.telegram.org/bot8319071299:AAGF8XGhcEkpNtn8Neozt3_xO3H_mxjZYNc/getUpdates "HTTP/1.1 200 OK"
2026-04-16 13:01:47,160 [INFO] httpx: HTTP Request: POST https://api.telegram.org/bot8319071299:AAGF8XGhcEkpNtn8Neozt3_xO3H_mxjZYNc/getUpdates "HTTP/1.1 200 OK"
2026-04-16 13:01:57,207 [INFO] httpx: HTTP Request: POST https://api.telegram.org/bot8319071299:AAGF8XGhcEkpNtn8Neozt3_xO3H_mxjZYNc/getUpdates "HTTP/1.1 200 OK"
2026-04-16 13:02:07,259 [INFO] httpx: HTTP Request: POST https://api.telegram.org/bot8319071299:AAGF8XGhcEkpNtn8Neozt3_xO3H_mxjZYNc/getUpdates "HTTP/1.1 200 OK"
2026-04-16 13:02:17,310 [INFO] httpx: HTTP Request: POST https://api.telegram.org/bot8319071299:AAGF8XGhcEkpNtn8Neozt3_xO3H_mxjZYNc/getUpdates "HTTP/1.1 200 OK"
2026-04-16 13:02:27,361 [INFO] httpx: HTTP Request: POST https://api.telegram.org/bot8319071299:AAGF8XGhcEkpNtn8Neozt3_xO3H_mxjZYNc/getUpdates "HTTP/1.1 200 OK"
2026-04-16 13:02:37,410 [INFO] httpx: HTTP Request: POST https://api.telegram.org/bot8319071299:AAGF8XGhcEkpNtn8Neozt3_xO3H_mxjZYNc/getUpdates "HTTP/1.1 200 OK"
2026-04-16 13:02:47,464 [INFO] httpx: HTTP Request: POST https://api.telegram.org/bot8319071299:AAGF8XGhcEkpNtn8Neozt3_xO3H_mxjZYNc/getUpdates "HTTP/1.1 200 OK"
2026-04-16 13:02:57,513 [INFO] httpx: HTTP Request: POST https://api.telegram.org/bot8319071299:AAGF8XGhcEkpNtn8Neozt3_xO3H_mxjZYNc/getUpdates "HTTP/1.1 200 OK"
2026-04-16 13:03:07,560 [INFO] httpx: HTTP Request: POST https://api.telegram.org/bot8319071299:AAGF8XGhcEkpNtn8Neozt3_xO3H_mxjZYNc/getUpdates "HTTP/1.1 200 OK"
2026-04-16 13:03:17,605 [INFO] httpx: HTTP Request: POST https://api.telegram.org/bot8319071299:AAGF8XGhcEkpNtn8Neozt3_xO3H_mxjZYNc/getUpdates "HTTP/1.1 200 OK"
2026-04-16 13:03:27,654 [INFO] httpx: HTTP Request: POST https://api.telegram.org/bot8319071299:AAGF8XGhcEkpNtn8Neozt3_xO3H_mxjZYNc/getUpdates "HTTP/1.1 200 OK"
2026-04-16 13:03:37,709 [INFO] httpx: HTTP Request: POST https://api.telegram.org/bot8319071299:AAGF8XGhcEkpNtn8Neozt3_xO3H_mxjZYNc/getUpdates "HTTP/1.1 200 OK"
2026-04-16 13:03:47,761 [INFO] httpx: HTTP Request: POST https://api.telegram.org/bot8319071299:AAGF8XGhcEkpNtn8Neozt3_xO3H_mxjZYNc/getUpdates "HTTP/1.1 200 OK"
2026-04-16 13:03:57,819 [INFO] httpx: HTTP Request: POST https://api.telegram.org/bot8319071299:AAGF8XGhcEkpNtn8Neozt3_xO3H_mxjZYNc/getUpdates "HTTP/1.1 200 OK"
2026-04-16 13:04:07,870 [INFO] httpx: HTTP Request: POST https://api.telegram.org/bot8319071299:AAGF8XGhcEkpNtn8Neozt3_xO3H_mxjZYNc/getUpdates "HTTP/1.1 200 OK"
2026-04-16 13:04:17,914 [INFO] httpx: HTTP Request: POST https://api.telegram.org/bot8319071299:AAGF8XGhcEkpNtn8Neozt3_xO3H_mxjZYNc/getUpdates "HTTP/1.1 200 OK"
2026-04-16 13:04:27,963 [INFO] httpx: HTTP Request: POST https://api.telegram.org/bot8319071299:AAGF8XGhcEkpNtn8Neozt3_xO3H_mxjZYNc/getUpdates "HTTP/1.1 200 OK"
2026-04-16 13:04:38,019 [INFO] httpx: HTTP Request: POST https://api.telegram.org/bot8319071299:AAGF8XGhcEkpNtn8Neozt3_xO3H_mxjZYNc/getUpdates "HTTP/1.1 200 OK"
2026-04-16 13:04:48,064 [INFO] httpx: HTTP Request: POST https://api.telegram.org/bot8319071299:AAGF8XGhcEkpNtn8Neozt3_xO3H_mxjZYNc/getUpdates "HTTP/1.1 200 OK"
2026-04-16 13:04:58,114 [INFO] httpx: HTTP Request: POST https://api.telegram.org/bot8319071299:AAGF8XGhcEkpNtn8Neozt3_xO3H_mxjZYNc/getUpdates "HTTP/1.1 200 OK"
2026-04-16 13:05:08,167 [INFO] httpx: HTTP Request: POST https://api.telegram.org/bot8319071299:AAGF8XGhcEkpNtn8Neozt3_xO3H_mxjZYNc/getUpdates "HTTP/1.1 200 OK"
2026-04-16 13:05:18,215 [INFO] httpx: HTTP Request: POST https://api.telegram.org/bot8319071299:AAGF8XGhcEkpNtn8Neozt3_xO3H_mxjZYNc/getUpdates "HTTP/1.1 200 OK"
2026-04-16 13:05:28,267 [INFO] httpx: HTTP Request: POST https://api.telegram.org/bot8319071299:AAGF8XGhcEkpNtn8Neozt3_xO3H_mxjZYNc/getUpdates "HTTP/1.1 200 OK"
2026-04-16 13:05:38,316 [INFO] httpx: HTTP Request: POST https://api.telegram.org/bot8319071299:AAGF8XGhcEkpNtn8Neozt3_xO3H_mxjZYNc/getUpdates "HTTP/1.1 200 OK"
2026-04-16 13:05:48,363 [INFO] httpx: HTTP Request: POST https://api.telegram.org/bot8319071299:AAGF8XGhcEkpNtn8Neozt3_xO3H_mxjZYNc/getUpdates "HTTP/1.1 200 OK"
2026-04-16 13:05:58,411 [INFO] httpx: HTTP Request: POST https://api.telegram.org/bot8319071299:AAGF8XGhcEkpNtn8Neozt3_xO3H_mxjZYNc/getUpdates "HTTP/1.1 200 OK"
2026-04-16 13:06:08,455 [INFO] httpx: HTTP Request: POST https://api.telegram.org/bot8319071299:AAGF8XGhcEkpNtn8Neozt3_xO3H_mxjZYNc/getUpdates "HTTP/1.1 200 OK"
2026-04-16 13:06:18,507 [INFO] httpx: HTTP Request: POST https://api.telegram.org/bot8319071299:AAGF8XGhcEkpNtn8Neozt3_xO3H_mxjZYNc/getUpdates "HTTP/1.1 200 OK"
2026-04-16 13:06:28,567 [INFO] httpx: HTTP Request: POST https://api.telegram.org/bot8319071299:AAGF8XGhcEkpNtn8Neozt3_xO3H_mxjZYNc/getUpdates "HTTP/1.1 200 OK"
2026-04-16 13:06:30,255 [INFO] httpx: HTTP Request: POST https://api.telegram.org/bot8319071299:AAGF8XGhcEkpNtn8Neozt3_xO3H_mxjZYNc/getUpdates "HTTP/1.1 200 OK"
2026-04-16 13:06:30,464 [INFO] httpx: HTTP Request: POST https://api.telegram.org/bot8319071299:AAGF8XGhcEkpNtn8Neozt3_xO3H_mxjZYNc/sendMessage "HTTP/1.1 200 OK"
2026-04-16 13:06:40,308 [INFO] httpx: HTTP Request: POST https://api.telegram.org/bot8319071299:AAGF8XGhcEkpNtn8Neozt3_xO3H_mxjZYNc/getUpdates "HTTP/1.1 200 OK"
2026-04-16 13:06:50,358 [INFO] httpx: HTTP Request: POST https://api.telegram.org/bot8319071299:AAGF8XGhcEkpNtn8Neozt3_xO3H_mxjZYNc/getUpdates "HTTP/1.1 200 OK"
2026-04-16 13:07:00,419 [INFO] httpx: HTTP Request: POST https://api.telegram.org/bot8319071299:AAGF8XGhcEkpNtn8Neozt3_xO3H_mxjZYNc/getUpdates "HTTP/1.1 200 OK"
2026-04-16 13:07:10,466 [INFO] httpx: HTTP Request: POST https://api.telegram.org/bot8319071299:AAGF8XGhcEkpNtn8Neozt3_xO3H_mxjZYNc/getUpdates "HTTP/1.1 200 OK"
2026-04-16 13:07:20,563 [INFO] httpx: HTTP Request: POST https://api.telegram.org/bot8319071299:AAGF8XGhcEkpNtn8Neozt3_xO3H_mxjZYNc/getUpdates "HTTP/1.1 200 OK"
2026-04-16 13:07:30,627 [INFO] httpx: HTTP Request: POST https://api.telegram.org/bot8319071299:AAGF8XGhcEkpNtn8Neozt3_xO3H_mxjZYNc/getUpdates "HTTP/1.1 200 OK"
2026-04-16 13:07:40,693 [INFO] httpx: HTTP Request: POST https://api.telegram.org/bot8319071299:AAGF8XGhcEkpNtn8Neozt3_xO3H_mxjZYNc/getUpdates "HTTP/1.1 200 OK"
2026-04-16 13:07:50,765 [INFO] httpx: HTTP Request: POST https://api.telegram.org/bot8319071299:AAGF8XGhcEkpNtn8Neozt3_xO3H_mxjZYNc/getUpdates "HTTP/1.1 200 OK"
